2023-04-30 18:57:02,124 [INFO ]  Load path: D:/PythonProjects/MangoEditer/gallery-dl/mangadex/Kawaii Kouhai ni Iwasaretai
2023-04-30 19:01:19,862 [WARNI]  pass_img;1;D:\PythonProjects\MangoEditer\translated\Kawaii Kouhai ni Iwasaretai\c083_ I want to trick you by giving you a treat\Kawaii Kouhai ni Iwasaretai_c083_007.png;
2023-04-30 19:05:44,420 [WARNI]  pass_img;2;D:\PythonProjects\MangoEditer\translated\Kawaii Kouhai ni Iwasaretai\c084_ I want the magic of love to change me\Kawaii Kouhai ni Iwasaretai_c084_008.png;
2023-04-30 19:11:04,406 [WARNI]  pass_img;3;D:\PythonProjects\MangoEditer\translated\Kawaii Kouhai ni Iwasaretai\c086_ I want to go crazy over you wearing glasses\Kawaii Kouhai ni Iwasaretai_c086_003.png;
2023-04-30 19:11:19,022 [WARNI]  pass_img;4;D:\PythonProjects\MangoEditer\translated\Kawaii Kouhai ni Iwasaretai\c086_ I want to go crazy over you wearing glasses\Kawaii Kouhai ni Iwasaretai_c086_004.png;
2023-04-30 19:16:02,643 [WARNI]  pass_img;5;D:\PythonProjects\MangoEditer\translated\Kawaii Kouhai ni Iwasaretai\c087_ I want to see you in a Christmas Eve dream\Kawaii Kouhai ni Iwasaretai_c087_008.png;
2023-04-30 19:16:16,023 [WARNI]  pass_img;6;D:\PythonProjects\MangoEditer\translated\Kawaii Kouhai ni Iwasaretai\c087_ I want to see you in a Christmas Eve dream\Kawaii Kouhai ni Iwasaretai_c087_009.png;
2023-04-30 19:20:47,533 [WARNI]  pass_img;7;D:\PythonProjects\MangoEditer\translated\Kawaii Kouhai ni Iwasaretai\c089_ I want him to tell me that it's a piece of cake\Kawaii Kouhai ni Iwasaretai_c089_001.png;
2023-04-30 19:21:29,164 [WARNI]  pass_img;8;D:\PythonProjects\MangoEditer\translated\Kawaii Kouhai ni Iwasaretai\c089_ I want him to tell me that it's a piece of cake\Kawaii Kouhai ni Iwasaretai_c089_004.png;
2023-04-30 19:30:34,182 [WARNI]  pass_img;9;D:\PythonProjects\MangoEditer\translated\Kawaii Kouhai ni Iwasaretai\c092_ I want to play with some cute kids\Kawaii Kouhai ni Iwasaretai_c092_005.png;
2023-04-30 19:30:40,631 [WARNI]  pass_img;10;D:\PythonProjects\MangoEditer\translated\Kawaii Kouhai ni Iwasaretai\c092_ I want to play with some cute kids\Kawaii Kouhai ni Iwasaretai_c092_006.png;
2023-04-30 19:30:46,287 [WARNI]  pass_img;11;D:\PythonProjects\MangoEditer\translated\Kawaii Kouhai ni Iwasaretai\c092_ I want to play with some cute kids\Kawaii Kouhai ni Iwasaretai_c092_007.png;
2023-04-30 19:31:10,035 [WARNI]  pass_img;12;D:\PythonProjects\MangoEditer\translated\Kawaii Kouhai ni Iwasaretai\c092_ I want to play with some cute kids\Kawaii Kouhai ni Iwasaretai_c092_009.png;
2023-04-30 19:36:11,881 [WARNI]  pass_img;13;D:\PythonProjects\MangoEditer\translated\Kawaii Kouhai ni Iwasaretai\c094_ I want to pick up where we left off that day\Kawaii Kouhai ni Iwasaretai_c094_007.png;
2023-04-30 19:40:36,026 [WARNI]  pass_img;14;D:\PythonProjects\MangoEditer\translated\Kawaii Kouhai ni Iwasaretai\c096_ I want to be bewildered by the sudden development\Kawaii Kouhai ni Iwasaretai_c096_001.png;
2023-04-30 19:40:56,549 [WARNI]  pass_img;15;D:\PythonProjects\MangoEditer\translated\Kawaii Kouhai ni Iwasaretai\c096_ I want to be bewildered by the sudden development\Kawaii Kouhai ni Iwasaretai_c096_003.png;
2023-04-30 19:41:09,629 [WARNI]  pass_img;16;D:\PythonProjects\MangoEditer\translated\Kawaii Kouhai ni Iwasaretai\c096_ I want to be bewildered by the sudden development\Kawaii Kouhai ni Iwasaretai_c096_004.png;
2023-04-30 19:41:32,407 [WARNI]  pass_img;17;D:\PythonProjects\MangoEditer\translated\Kawaii Kouhai ni Iwasaretai\c096_ I want to be bewildered by the sudden development\Kawaii Kouhai ni Iwasaretai_c096_005.png;
2023-04-30 19:43:27,762 [WARNI]  Pass images: 17 : D:/PythonProjects/MangoEditer/gallery-dl/mangadex/Kawaii Kouhai ni Iwasaretai
2023-04-30 22:58:32,880 [INFO ]  Load path: D:/PythonProjects/MangoEditer/gallery-dl/mangadex/Kawaii Kouhai ni Iwasaretai
2023-04-30 23:00:41,867 [WARNI]  pass_img;1;D:\PythonProjects\MangoEditer\translated\Kawaii Kouhai ni Iwasaretai\c094_ I want to pick up where we left off that day\Kawaii Kouhai ni Iwasaretai_c094_007.png;
2023-04-30 23:01:14,418 [INFO ]  Load path: D:/PythonProjects/MangoEditer/gallery-dl/mangadex/Kawaii Kouhai ni Iwasaretai
2023-04-30 23:02:04,484 [WARNI]  Pass images: 0 : D:/PythonProjects/MangoEditer/gallery-dl/mangadex/Kawaii Kouhai ni Iwasaretai
2023-04-30 23:32:37,861 [INFO ]  Load path: D:/PythonProjects/MangoEditer/gallery-dl/mangadex/Kawaii Kouhai ni Iwasaretai
2023-04-30 23:32:38,013 [WARNI]  Pass images: 0 : D:/PythonProjects/MangoEditer/gallery-dl/mangadex/Kawaii Kouhai ni Iwasaretai
2023-05-12 12:03:06,112 [INFO ]  Load path: D:/PythonProjects/MangoEditer/mango images/onepunch_man_172
2023-05-12 12:04:51,101 [WARNI]  pass_img;1;D:\PythonProjects\MangoEditer\translated\onepunch_man_172\onepunch_man_172_18.jpg;
2023-05-15 19:31:10,183 [WARNI]  pass_img;1;D:\PythonProjects\MangoEditer\translated\onepunch_man_172\onepunch_man_172_10.jpg;
2023-05-15 19:31:18,533 [WARNI]  pass_img;2;D:\PythonProjects\MangoEditer\translated\onepunch_man_172\onepunch_man_172_12.jpg;
2023-05-15 19:31:28,090 [WARNI]  pass_img;3;D:\PythonProjects\MangoEditer\translated\onepunch_man_172\onepunch_man_172_13.jpg;
2023-05-15 19:31:33,444 [WARNI]  pass_img;4;D:\PythonProjects\MangoEditer\translated\onepunch_man_172\onepunch_man_172_14.jpg;
2023-05-15 19:31:35,342 [WARNI]  pass_img;5;D:\PythonProjects\MangoEditer\translated\onepunch_man_172\onepunch_man_172_15.jpg;
2023-05-15 19:31:47,245 [WARNI]  pass_img;6;D:\PythonProjects\MangoEditer\translated\onepunch_man_172\onepunch_man_172_18.jpg;
2023-05-15 21:48:42,629 [WARNI]  pass_img;1;D:\PythonProjects\MangoEditer\translated\onepunch_man_172\onepunch_man_172_10.jpg;
2023-05-15 21:48:47,244 [WARNI]  pass_img;2;D:\PythonProjects\MangoEditer\translated\onepunch_man_172\onepunch_man_172_12.jpg;
2023-05-15 21:48:56,321 [WARNI]  pass_img;3;D:\PythonProjects\MangoEditer\translated\onepunch_man_172\onepunch_man_172_13.jpg;
2023-05-15 21:49:01,763 [WARNI]  pass_img;4;D:\PythonProjects\MangoEditer\translated\onepunch_man_172\onepunch_man_172_14.jpg;
2023-05-15 21:49:03,531 [WARNI]  pass_img;5;D:\PythonProjects\MangoEditer\translated\onepunch_man_172\onepunch_man_172_15.jpg;
2023-05-15 21:49:05,245 [WARNI]  pass_img;6;D:\PythonProjects\MangoEditer\translated\onepunch_man_172\onepunch_man_172_18.jpg;
2023-05-15 21:49:34,505 [WARNI]  pass_img;7;D:\PythonProjects\MangoEditer\translated\onepunch_man_172\onepunch_man_172_4.jpg;
2023-05-15 21:49:38,823 [WARNI]  pass_img;8;D:\PythonProjects\MangoEditer\translated\onepunch_man_172\onepunch_man_172_5.jpg;
2023-05-15 21:51:41,084 [WARNI]  pass_img;1;D:\PythonProjects\MangoEditer\translated\onepunch_man_172\onepunch_man_172_10.jpg;
2023-05-15 21:51:43,201 [WARNI]  pass_img;2;D:\PythonProjects\MangoEditer\translated\onepunch_man_172\onepunch_man_172_11.jpg;
2023-05-15 21:53:04,076 [WARNI]  pass_img;1;D:\PythonProjects\MangoEditer\translated\onepunch_man_172\onepunch_man_172_11.jpg;
2023-05-15 21:53:20,105 [WARNI]  pass_img;2;D:\PythonProjects\MangoEditer\translated\onepunch_man_172\onepunch_man_172_13.jpg;
2023-05-15 21:53:25,631 [WARNI]  pass_img;3;D:\PythonProjects\MangoEditer\translated\onepunch_man_172\onepunch_man_172_14.jpg;
2023-05-15 21:53:29,035 [WARNI]  pass_img;4;D:\PythonProjects\MangoEditer\translated\onepunch_man_172\onepunch_man_172_15.jpg;
2023-05-15 21:53:42,163 [WARNI]  pass_img;5;D:\PythonProjects\MangoEditer\translated\onepunch_man_172\onepunch_man_172_18.jpg;
2023-05-15 21:53:52,137 [WARNI]  pass_img;6;D:\PythonProjects\MangoEditer\translated\onepunch_man_172\onepunch_man_172_2.jpg;
2023-05-15 21:54:09,506 [WARNI]  pass_img;7;D:\PythonProjects\MangoEditer\translated\onepunch_man_172\onepunch_man_172_4.jpg;
2023-05-15 21:54:38,431 [WARNI]  pass_img;8;D:\PythonProjects\MangoEditer\translated\onepunch_man_172\onepunch_man_172_7.jpg;
2023-05-15 22:02:49,008 [WARNI]  pass_img;1;D:\PythonProjects\MangoEditer\translated\onepunch_man_172\onepunch_man_172_11.jpg;
2023-05-18 17:18:30,670 [WARNI]  pass_img;1;D:\PythonProjects\MangoEditer\translated\onepunch_man_172\onepunch_man_172_11.jpg;
2023-05-18 17:19:25,299 [WARNI]  pass_img;1;D:\PythonProjects\MangoEditer\translated\onepunch_man_172\onepunch_man_172_11.jpg;
2023-05-18 17:19:34,195 [WARNI]  pass_img;2;D:\PythonProjects\MangoEditer\translated\onepunch_man_172\onepunch_man_172_13.jpg;
2023-05-18 17:19:39,496 [WARNI]  pass_img;3;D:\PythonProjects\MangoEditer\translated\onepunch_man_172\onepunch_man_172_14.jpg;
2023-05-18 17:19:41,245 [WARNI]  pass_img;4;D:\PythonProjects\MangoEditer\translated\onepunch_man_172\onepunch_man_172_15.jpg;
2023-05-18 17:19:42,962 [WARNI]  pass_img;5;D:\PythonProjects\MangoEditer\translated\onepunch_man_172\onepunch_man_172_18.jpg;
2023-05-18 17:19:52,529 [WARNI]  pass_img;6;D:\PythonProjects\MangoEditer\translated\onepunch_man_172\onepunch_man_172_2.jpg;
2023-05-18 17:19:54,423 [WARNI]  pass_img;7;D:\PythonProjects\MangoEditer\translated\onepunch_man_172\onepunch_man_172_4.jpg;
2023-05-18 17:20:01,817 [WARNI]  pass_img;8;D:\PythonProjects\MangoEditer\translated\onepunch_man_172\onepunch_man_172_7.jpg;
2023-05-18 17:23:13,213 [WARNI]  pass_img;1;D:\PythonProjects\MangoEditer\translated\onepunch_man_172\onepunch_man_172_11.jpg;
2023-05-18 17:23:22,252 [WARNI]  pass_img;2;D:\PythonProjects\MangoEditer\translated\onepunch_man_172\onepunch_man_172_13.jpg;
2023-05-18 17:23:27,695 [WARNI]  pass_img;3;D:\PythonProjects\MangoEditer\translated\onepunch_man_172\onepunch_man_172_14.jpg;
2023-05-18 17:23:29,476 [WARNI]  pass_img;4;D:\PythonProjects\MangoEditer\translated\onepunch_man_172\onepunch_man_172_15.jpg;
2023-05-18 17:23:42,725 [WARNI]  pass_img;5;D:\PythonProjects\MangoEditer\translated\onepunch_man_172\onepunch_man_172_2.jpg;
2023-05-18 17:23:44,710 [WARNI]  pass_img;6;D:\PythonProjects\MangoEditer\translated\onepunch_man_172\onepunch_man_172_4.jpg;
2023-05-18 17:23:52,378 [WARNI]  pass_img;7;D:\PythonProjects\MangoEditer\translated\onepunch_man_172\onepunch_man_172_7.jpg;
2023-05-18 17:24:36,508 [WARNI]  pass_img;1;D:\PythonProjects\MangoEditer\translated\onepunch_man_172\onepunch_man_172_11.jpg;
2023-05-18 17:24:52,216 [WARNI]  pass_img;2;D:\PythonProjects\MangoEditer\translated\onepunch_man_172\onepunch_man_172_14.jpg;
2023-05-18 17:24:55,968 [WARNI]  pass_img;3;D:\PythonProjects\MangoEditer\translated\onepunch_man_172\onepunch_man_172_15.jpg;
2023-05-18 17:25:21,029 [WARNI]  pass_img;4;D:\PythonProjects\MangoEditer\translated\onepunch_man_172\onepunch_man_172_7.jpg;
2023-05-18 17:29:00,375 [WARNI]  pass_img;1;D:\PythonProjects\MangoEditer\translated\onepunch_man_172\onepunch_man_172_11.jpg;
2023-05-18 17:29:05,081 [WARNI]  pass_img;2;D:\PythonProjects\MangoEditer\translated\onepunch_man_172\onepunch_man_172_12.jpg;
2023-05-18 17:29:14,082 [WARNI]  pass_img;3;D:\PythonProjects\MangoEditer\translated\onepunch_man_172\onepunch_man_172_13.jpg;
2023-05-18 17:29:36,833 [WARNI]  pass_img;4;D:\PythonProjects\MangoEditer\translated\onepunch_man_172\onepunch_man_172_18.jpg;
2023-05-18 17:35:06,446 [WARNI]  pass_img;1;D:\PythonProjects\MangoEditer\translated\onepunch_man_172\onepunch_man_172_10.jpg;
2023-05-18 17:35:08,673 [WARNI]  pass_img;2;D:\PythonProjects\MangoEditer\translated\onepunch_man_172\onepunch_man_172_11.jpg;
2023-05-18 17:35:26,226 [WARNI]  pass_img;3;D:\PythonProjects\MangoEditer\translated\onepunch_man_172\onepunch_man_172_13.jpg;
2023-05-18 17:35:34,598 [WARNI]  pass_img;4;D:\PythonProjects\MangoEditer\translated\onepunch_man_172\onepunch_man_172_15.jpg;
2023-05-18 17:35:42,474 [WARNI]  pass_img;5;D:\PythonProjects\MangoEditer\translated\onepunch_man_172\onepunch_man_172_16.jpg;
2023-05-18 17:35:45,580 [WARNI]  pass_img;6;D:\PythonProjects\MangoEditer\translated\onepunch_man_172\onepunch_man_172_18.jpg;
2023-05-18 17:35:55,773 [WARNI]  pass_img;7;D:\PythonProjects\MangoEditer\translated\onepunch_man_172\onepunch_man_172_2.jpg;
2023-05-18 17:36:07,917 [WARNI]  pass_img;8;D:\PythonProjects\MangoEditer\translated\onepunch_man_172\onepunch_man_172_3.jpg;
2023-05-18 17:36:09,868 [WARNI]  pass_img;9;D:\PythonProjects\MangoEditer\translated\onepunch_man_172\onepunch_man_172_4.jpg;
2023-05-18 17:36:14,184 [WARNI]  pass_img;10;D:\PythonProjects\MangoEditer\translated\onepunch_man_172\onepunch_man_172_5.jpg;
2023-05-18 17:36:46,570 [WARNI]  pass_img;11;D:\PythonProjects\MangoEditer\translated\onepunch_man_172\onepunch_man_172_8.jpg;
2023-05-18 23:22:25,631 [WARNI]  pass_img;1;D:\PythonProjects\MangoEditer\translated\onepunch_man_172\onepunch_man_172_10.jpg;
2023-05-18 23:22:45,532 [WARNI]  pass_img;2;D:\PythonProjects\MangoEditer\translated\onepunch_man_172\onepunch_man_172_13.jpg;
2023-05-18 23:22:50,669 [WARNI]  pass_img;3;D:\PythonProjects\MangoEditer\translated\onepunch_man_172\onepunch_man_172_14.jpg;
2023-05-18 23:22:52,388 [WARNI]  pass_img;4;D:\PythonProjects\MangoEditer\translated\onepunch_man_172\onepunch_man_172_15.jpg;
2023-05-18 23:23:03,391 [WARNI]  pass_img;5;D:\PythonProjects\MangoEditer\translated\onepunch_man_172\onepunch_man_172_18.jpg;
2023-05-18 23:23:12,864 [WARNI]  pass_img;6;D:\PythonProjects\MangoEditer\translated\onepunch_man_172\onepunch_man_172_2.jpg;
2023-05-18 23:23:28,478 [WARNI]  pass_img;7;D:\PythonProjects\MangoEditer\translated\onepunch_man_172\onepunch_man_172_4.jpg;
2023-05-18 23:23:32,774 [WARNI]  pass_img;8;D:\PythonProjects\MangoEditer\translated\onepunch_man_172\onepunch_man_172_5.jpg;
2023-05-18 23:23:43,551 [WARNI]  pass_img;9;D:\PythonProjects\MangoEditer\translated\onepunch_man_172\onepunch_man_172_6.jpg;
2023-05-18 23:24:06,831 [WARNI]  pass_img;10;D:\PythonProjects\MangoEditer\translated\onepunch_man_172\onepunch_man_172_8.jpg;
2023-05-18 23:24:16,887 [WARNI]  pass_img;11;D:\PythonProjects\MangoEditer\translated\onepunch_man_172\onepunch_man_172_9.jpg;
2023-05-18 23:39:38,782 [WARNI]  pass_img;1;D:\PythonProjects\MangoEditer\translated\onepunch_man_172\onepunch_man_172_14.jpg;
2023-05-18 23:39:40,780 [WARNI]  pass_img;2;D:\PythonProjects\MangoEditer\translated\onepunch_man_172\onepunch_man_172_15.jpg;
2023-05-18 23:39:42,684 [WARNI]  pass_img;3;D:\PythonProjects\MangoEditer\translated\onepunch_man_172\onepunch_man_172_18.jpg;
2023-05-18 23:39:52,956 [WARNI]  pass_img;4;D:\PythonProjects\MangoEditer\translated\onepunch_man_172\onepunch_man_172_2.jpg;
2023-05-18 23:39:54,943 [WARNI]  pass_img;5;D:\PythonProjects\MangoEditer\translated\onepunch_man_172\onepunch_man_172_4.jpg;
2023-05-18 23:39:59,408 [WARNI]  pass_img;6;D:\PythonProjects\MangoEditer\translated\onepunch_man_172\onepunch_man_172_5.jpg;
2023-05-18 23:40:08,930 [WARNI]  pass_img;7;D:\PythonProjects\MangoEditer\translated\onepunch_man_172\onepunch_man_172_6.jpg;
2023-05-18 23:40:17,359 [WARNI]  pass_img;8;D:\PythonProjects\MangoEditer\translated\onepunch_man_172\onepunch_man_172_8.jpg;
2023-05-18 23:40:25,919 [WARNI]  pass_img;9;D:\PythonProjects\MangoEditer\translated\onepunch_man_172\onepunch_man_172_9.jpg;
2023-05-18 23:42:46,533 [WARNI]  pass_img;1;D:\PythonProjects\MangoEditer\translated\onepunch_man_172\onepunch_man_172_10.jpg;
2023-05-18 23:42:54,539 [WARNI]  pass_img;2;D:\PythonProjects\MangoEditer\translated\onepunch_man_172\onepunch_man_172_12.jpg;
2023-05-18 23:43:13,805 [WARNI]  pass_img;3;D:\PythonProjects\MangoEditer\translated\onepunch_man_172\onepunch_man_172_15.jpg;
2023-05-18 23:43:28,526 [WARNI]  pass_img;4;D:\PythonProjects\MangoEditer\translated\onepunch_man_172\onepunch_man_172_18.jpg;
2023-05-18 23:43:38,145 [WARNI]  pass_img;5;D:\PythonProjects\MangoEditer\translated\onepunch_man_172\onepunch_man_172_2.jpg;
2023-05-18 23:43:50,521 [WARNI]  pass_img;6;D:\PythonProjects\MangoEditer\translated\onepunch_man_172\onepunch_man_172_3.jpg;
2023-05-18 23:43:52,438 [WARNI]  pass_img;7;D:\PythonProjects\MangoEditer\translated\onepunch_man_172\onepunch_man_172_4.jpg;
2023-05-18 23:43:56,556 [WARNI]  pass_img;8;D:\PythonProjects\MangoEditer\translated\onepunch_man_172\onepunch_man_172_5.jpg;
2023-05-18 23:44:23,430 [WARNI]  pass_img;9;D:\PythonProjects\MangoEditer\translated\onepunch_man_172\onepunch_man_172_8.jpg;
2023-05-18 23:44:31,979 [WARNI]  pass_img;10;D:\PythonProjects\MangoEditer\translated\onepunch_man_172\onepunch_man_172_9.jpg;
2023-05-18 23:50:49,392 [WARNI]  pass_img;1;D:\PythonProjects\MangoEditer\translated\onepunch_man_172\onepunch_man_172_11.jpg;
2023-05-18 23:50:54,070 [WARNI]  pass_img;2;D:\PythonProjects\MangoEditer\translated\onepunch_man_172\onepunch_man_172_12.jpg;
2023-05-18 23:51:03,061 [WARNI]  pass_img;3;D:\PythonProjects\MangoEditer\translated\onepunch_man_172\onepunch_man_172_13.jpg;
2023-05-18 23:51:08,714 [WARNI]  pass_img;4;D:\PythonProjects\MangoEditer\translated\onepunch_man_172\onepunch_man_172_14.jpg;
2023-05-18 23:51:10,458 [WARNI]  pass_img;5;D:\PythonProjects\MangoEditer\translated\onepunch_man_172\onepunch_man_172_15.jpg;
2023-05-18 23:51:23,755 [WARNI]  pass_img;6;D:\PythonProjects\MangoEditer\translated\onepunch_man_172\onepunch_man_172_18.jpg;
2023-05-18 23:51:33,690 [WARNI]  pass_img;7;D:\PythonProjects\MangoEditer\translated\onepunch_man_172\onepunch_man_172_2.jpg;
2023-05-18 23:51:45,452 [WARNI]  pass_img;8;D:\PythonProjects\MangoEditer\translated\onepunch_man_172\onepunch_man_172_3.jpg;
2023-05-18 23:52:14,192 [WARNI]  pass_img;9;D:\PythonProjects\MangoEditer\translated\onepunch_man_172\onepunch_man_172_7.jpg;
2023-05-18 23:52:33,123 [WARNI]  pass_img;10;D:\PythonProjects\MangoEditer\translated\onepunch_man_172\onepunch_man_172_9.jpg;
2023-05-18 23:56:13,849 [WARNI]  pass_img;1;D:\PythonProjects\MangoEditer\translated\onepunch_man_172\onepunch_man_172_11.jpg;
2023-05-18 23:56:29,607 [WARNI]  pass_img;2;D:\PythonProjects\MangoEditer\translated\onepunch_man_172\onepunch_man_172_13.jpg;
2023-05-18 23:56:54,441 [WARNI]  pass_img;3;D:\PythonProjects\MangoEditer\translated\onepunch_man_172\onepunch_man_172_18.jpg;
2023-05-18 23:57:04,122 [WARNI]  pass_img;4;D:\PythonProjects\MangoEditer\translated\onepunch_man_172\onepunch_man_172_2.jpg;
2023-05-18 23:57:15,695 [WARNI]  pass_img;5;D:\PythonProjects\MangoEditer\translated\onepunch_man_172\onepunch_man_172_3.jpg;
2023-05-18 23:57:17,651 [WARNI]  pass_img;6;D:\PythonProjects\MangoEditer\translated\onepunch_man_172\onepunch_man_172_4.jpg;
2023-05-18 23:57:52,268 [WARNI]  pass_img;7;D:\PythonProjects\MangoEditer\translated\onepunch_man_172\onepunch_man_172_8.jpg;
2023-05-19 00:12:40,607 [WARNI]  pass_img;1;D:\PythonProjects\MangoEditer\translated\onepunch_man_172\onepunch_man_172_11.jpg;
2023-05-19 00:12:45,320 [WARNI]  pass_img;2;D:\PythonProjects\MangoEditer\translated\onepunch_man_172\onepunch_man_172_12.jpg;
2023-05-19 00:12:54,689 [WARNI]  pass_img;3;D:\PythonProjects\MangoEditer\translated\onepunch_man_172\onepunch_man_172_13.jpg;
2023-05-19 00:12:59,990 [WARNI]  pass_img;4;D:\PythonProjects\MangoEditer\translated\onepunch_man_172\onepunch_man_172_14.jpg;
2023-05-19 00:13:02,181 [WARNI]  pass_img;5;D:\PythonProjects\MangoEditer\translated\onepunch_man_172\onepunch_man_172_15.jpg;
2023-05-19 00:13:25,021 [WARNI]  pass_img;6;D:\PythonProjects\MangoEditer\translated\onepunch_man_172\onepunch_man_172_2.jpg;
2023-05-19 00:13:36,470 [WARNI]  pass_img;7;D:\PythonProjects\MangoEditer\translated\onepunch_man_172\onepunch_man_172_3.jpg;
2023-05-19 00:13:38,366 [WARNI]  pass_img;8;D:\PythonProjects\MangoEditer\translated\onepunch_man_172\onepunch_man_172_4.jpg;
2023-05-19 00:13:52,962 [WARNI]  pass_img;9;D:\PythonProjects\MangoEditer\translated\onepunch_man_172\onepunch_man_172_6.jpg;
2023-05-19 00:14:00,490 [WARNI]  pass_img;10;D:\PythonProjects\MangoEditer\translated\onepunch_man_172\onepunch_man_172_7.jpg;
2023-05-19 00:14:19,148 [WARNI]  pass_img;11;D:\PythonProjects\MangoEditer\translated\onepunch_man_172\onepunch_man_172_9.jpg;
2023-05-19 00:17:32,491 [WARNI]  pass_img;1;D:\PythonProjects\MangoEditer\translated\onepunch_man_172\onepunch_man_172_12.jpg;
2023-05-19 00:17:42,354 [WARNI]  pass_img;2;D:\PythonProjects\MangoEditer\translated\onepunch_man_172\onepunch_man_172_13.jpg;
2023-05-19 00:18:13,962 [WARNI]  pass_img;3;D:\PythonProjects\MangoEditer\translated\onepunch_man_172\onepunch_man_172_3.jpg;
2023-05-19 00:18:15,853 [WARNI]  pass_img;4;D:\PythonProjects\MangoEditer\translated\onepunch_man_172\onepunch_man_172_4.jpg;
2023-05-19 00:18:25,809 [WARNI]  pass_img;5;D:\PythonProjects\MangoEditer\translated\onepunch_man_172\onepunch_man_172_6.jpg;
2023-05-19 00:18:33,351 [WARNI]  pass_img;6;D:\PythonProjects\MangoEditer\translated\onepunch_man_172\onepunch_man_172_7.jpg;
2023-05-19 00:26:59,505 [WARNI]  pass_img;1;D:\PythonProjects\MangoEditer\translated\onepunch_man_172\onepunch_man_172_13.jpg;
2023-05-19 00:27:11,510 [WARNI]  pass_img;2;D:\PythonProjects\MangoEditer\translated\onepunch_man_172\onepunch_man_172_3.jpg;
2023-05-19 00:27:13,383 [WARNI]  pass_img;3;D:\PythonProjects\MangoEditer\translated\onepunch_man_172\onepunch_man_172_4.jpg;
2023-05-19 00:27:31,406 [WARNI]  pass_img;4;D:\PythonProjects\MangoEditer\translated\onepunch_man_172\onepunch_man_172_7.jpg;
2023-05-19 00:30:12,418 [WARNI]  pass_img;1;D:\PythonProjects\MangoEditer\translated\onepunch_man_172\onepunch_man_172_13.jpg;
2023-05-19 00:30:23,929 [WARNI]  pass_img;2;D:\PythonProjects\MangoEditer\translated\onepunch_man_172\onepunch_man_172_3.jpg;
2023-05-19 00:30:34,150 [WARNI]  pass_img;3;D:\PythonProjects\MangoEditer\translated\onepunch_man_172\onepunch_man_172_7.jpg;
2023-05-19 00:32:33,109 [WARNI]  pass_img;1;D:\PythonProjects\MangoEditer\translated\onepunch_man_172\onepunch_man_172_10.jpg;
2023-05-19 00:32:40,596 [WARNI]  pass_img;2;D:\PythonProjects\MangoEditer\translated\onepunch_man_172\onepunch_man_172_12.jpg;
2023-05-19 00:32:50,604 [WARNI]  pass_img;3;D:\PythonProjects\MangoEditer\translated\onepunch_man_172\onepunch_man_172_13.jpg;
2023-05-19 00:32:59,475 [WARNI]  pass_img;4;D:\PythonProjects\MangoEditer\translated\onepunch_man_172\onepunch_man_172_15.jpg;
2023-05-19 00:33:13,724 [WARNI]  pass_img;5;D:\PythonProjects\MangoEditer\translated\onepunch_man_172\onepunch_man_172_18.jpg;
2023-05-19 00:33:57,025 [WARNI]  pass_img;6;D:\PythonProjects\MangoEditer\translated\onepunch_man_172\onepunch_man_172_6.jpg;
2023-05-19 00:34:04,793 [WARNI]  pass_img;7;D:\PythonProjects\MangoEditer\translated\onepunch_man_172\onepunch_man_172_7.jpg;
2023-05-19 00:34:13,125 [WARNI]  pass_img;8;D:\PythonProjects\MangoEditer\translated\onepunch_man_172\onepunch_man_172_8.jpg;
2023-05-19 01:06:43,180 [WARNI]  pass_img;1;D:\PythonProjects\MangoEditer\translated\onepunch_man_172\onepunch_man_172_13.jpg;
2023-05-19 01:07:00,980 [WARNI]  pass_img;2;D:\PythonProjects\MangoEditer\translated\onepunch_man_172\onepunch_man_172_16.jpg;
2023-05-19 01:11:54,175 [WARNI]  pass_img;1;D:\PythonProjects\MangoEditer\translated\onepunch_man_172\onepunch_man_172_12.jpg;
2023-05-19 01:12:10,586 [WARNI]  pass_img;2;D:\PythonProjects\MangoEditer\translated\onepunch_man_172\onepunch_man_172_14.jpg;
2023-05-19 01:12:12,938 [WARNI]  pass_img;3;D:\PythonProjects\MangoEditer\translated\onepunch_man_172\onepunch_man_172_15.jpg;
2023-05-19 01:14:52,697 [WARNI]  pass_img;1;D:\PythonProjects\MangoEditer\translated\onepunch_man_172\onepunch_man_172_10.jpg;
2023-05-19 01:14:55,429 [WARNI]  pass_img;2;D:\PythonProjects\MangoEditer\translated\onepunch_man_172\onepunch_man_172_11.jpg;
2023-05-19 01:15:00,757 [WARNI]  pass_img;3;D:\PythonProjects\MangoEditer\translated\onepunch_man_172\onepunch_man_172_12.jpg;
2023-05-19 01:15:10,426 [WARNI]  pass_img;4;D:\PythonProjects\MangoEditer\translated\onepunch_man_172\onepunch_man_172_13.jpg;
2023-05-19 01:15:17,051 [WARNI]  pass_img;5;D:\PythonProjects\MangoEditer\translated\onepunch_man_172\onepunch_man_172_14.jpg;
2023-05-19 01:15:27,908 [WARNI]  pass_img;6;D:\PythonProjects\MangoEditer\translated\onepunch_man_172\onepunch_man_172_16.jpg;
2023-05-19 01:15:31,487 [WARNI]  pass_img;7;D:\PythonProjects\MangoEditer\translated\onepunch_man_172\onepunch_man_172_18.jpg;
2023-05-19 01:16:23,141 [WARNI]  pass_img;8;D:\PythonProjects\MangoEditer\translated\onepunch_man_172\onepunch_man_172_7.jpg;
2023-05-19 01:16:44,380 [WARNI]  pass_img;9;D:\PythonProjects\MangoEditer\translated\onepunch_man_172\onepunch_man_172_9.jpg;
2023-05-19 22:58:05,019 [WARNI]  pass_img;1;D:\PythonProjects\MangoEditer\translated\images\onepunch_man_172_5.jpg;
2023-05-19 23:48:53,574 [WARNI]  pass_img;1;D:\PythonProjects\MangoEditer\translated\images\onepunch_man_172_5.jpg;
2023-05-19 23:52:46,072 [WARNI]  pass_img;1;D:\PythonProjects\MangoEditer\translated\images\onepunch_man_172_5.jpg;
2023-05-19 23:58:40,492 [WARNI]  pass_img;1;D:\PythonProjects\MangoEditer\translated\images\onepunch_man_172_5.jpg;
